2014-06-14 22:48:34.631 iCardapio[20526:70b] Multi-tasking -> Device: YES, App: YES
2014-06-14 22:48:34.640 iCardapio[20526:70b] Unlimited access to network resources
2014-06-14 22:48:34.644 iCardapio[20526:70b] Fix applied for database locations?: YES
2014-06-14 22:48:34.644 iCardapio[20526:70b] 

Started backup to iCloud! Please be careful.
Your application might rejected by Apple if you store too much data.
For more information please read "iOS Data Storage Guidelines"
You could find it at the following address https://developer.apple.com/icloud/documentation/data-storage/ .

2014-06-14 22:48:35.245 iCardapio[20526:70b] Resetting plugins due to page load.
2014-06-14 22:48:35.914 iCardapio[20526:70b] Finished load of: file:///Users/rfsbsb/Library/Application%20Support/iPhone%20Simulator/7.1/Applications/AB94B10D-D263-4946-A3CD-BCBDB28C9A56/iCardapio.app/www/index.html
2014-06-14 22:51:32.701 iCardapio[20835:70b] Multi-tasking -> Device: YES, App: YES
2014-06-14 22:51:32.708 iCardapio[20835:70b] Unlimited access to network resources
2014-06-14 22:51:32.711 iCardapio[20835:70b] 

Started backup to iCloud! Please be careful.
Your application might rejected by Apple if you store too much data.
For more information please read "iOS Data Storage Guidelines"
You could find it at the following address https://developer.apple.com/icloud/documentation/data-storage/ .

2014-06-14 22:51:32.985 iCardapio[20835:70b] Resetting plugins due to page load.
2014-06-14 22:51:33.223 iCardapio[20835:70b] Finished load of: file:///Users/rfsbsb/Library/Application%20Support/iPhone%20Simulator/7.1/Applications/AB94B10D-D263-4946-A3CD-BCBDB28C9A56/iCardapio.app/www/index.html
2014-06-14 22:53:00.549 iCardapio[21138:70b] Multi-tasking -> Device: YES, App: YES
2014-06-14 22:53:00.557 iCardapio[21138:70b] Unlimited access to network resources
2014-06-14 22:53:00.560 iCardapio[21138:70b] 

Started backup to iCloud! Please be careful.
Your application might rejected by Apple if you store too much data.
For more information please read "iOS Data Storage Guidelines"
You could find it at the following address https://developer.apple.com/icloud/documentation/data-storage/ .

2014-06-14 22:53:00.709 iCardapio[21138:70b] Resetting plugins due to page load.
2014-06-14 22:53:01.041 iCardapio[21138:70b] Finished load of: file:///Users/rfsbsb/Library/Application%20Support/iPhone%20Simulator/7.1/Applications/258C0A52-D22C-4517-AB70-BEDBC02F02CF/iCardapio.app/www/index.html
2014-06-14 22:54:45.019 iCardapio[21439:70b] Multi-tasking -> Device: YES, App: YES
2014-06-14 22:54:45.027 iCardapio[21439:70b] Unlimited access to network resources
2014-06-14 22:54:45.030 iCardapio[21439:70b] 

Started backup to iCloud! Please be careful.
Your application might rejected by Apple if you store too much data.
For more information please read "iOS Data Storage Guidelines"
You could find it at the following address https://developer.apple.com/icloud/documentation/data-storage/ .

2014-06-14 22:54:45.096 iCardapio[21439:70b] Resetting plugins due to page load.
2014-06-14 22:54:45.340 iCardapio[21439:70b] Finished load of: file:///Users/rfsbsb/Library/Application%20Support/iPhone%20Simulator/7.1/Applications/258C0A52-D22C-4517-AB70-BEDBC02F02CF/iCardapio.app/www/index.html
2014-06-14 22:55:07.318 iCardapio[21439:70b] Array
(
    [mesa] => 22
    [carrinho] => Array
        (
            [vegetariana] => Array
                (
                    [nome] => Pizza vegetariana
                    [preco] => 11.5
                )

            [ruculatomateseco] => Array
                (
                    [nome] => Pizza de rúcula com tomate seco
                    [preco] => 32.75
                )

        )

)
2014-06-14 22:56:35.480 iCardapio[21742:70b] Multi-tasking -> Device: YES, App: YES
2014-06-14 22:56:35.488 iCardapio[21742:70b] Unlimited access to network resources
2014-06-14 22:56:35.490 iCardapio[21742:70b] 

Started backup to iCloud! Please be careful.
Your application might rejected by Apple if you store too much data.
For more information please read "iOS Data Storage Guidelines"
You could find it at the following address https://developer.apple.com/icloud/documentation/data-storage/ .

2014-06-14 22:56:35.560 iCardapio[21742:70b] Resetting plugins due to page load.
2014-06-14 22:56:35.819 iCardapio[21742:70b] Finished load of: file:///Users/rfsbsb/Library/Application%20Support/iPhone%20Simulator/7.1/Applications/258C0A52-D22C-4517-AB70-BEDBC02F02CF/iCardapio.app/www/index.html
2014-06-14 22:56:52.728 iCardapio[21742:70b] Array
(
    [mesa] => 1
    [carrinho] => Array
        (
            [vegetariana] => Array
                (
                    [nome] => Pizza vegetariana
                    [preco] => 11.5
                )

            [calabresa] => Array
                (
                    [nome] => Pizza de calabresa
                    [preco] => 12.9
                )

        )

)
2014-06-14 23:22:58.548 iCardapio[22115:70b] Multi-tasking -> Device: YES, App: YES
2014-06-14 23:22:58.556 iCardapio[22115:70b] Unlimited access to network resources
2014-06-14 23:22:58.561 iCardapio[22115:70b] 

Started backup to iCloud! Please be careful.
Your application might rejected by Apple if you store too much data.
For more information please read "iOS Data Storage Guidelines"
You could find it at the following address https://developer.apple.com/icloud/documentation/data-storage/ .

2014-06-14 23:22:59.632 iCardapio[22115:70b] Resetting plugins due to page load.
2014-06-14 23:23:00.164 iCardapio[22115:70b] Finished load of: file:///Users/rfsbsb/Library/Application%20Support/iPhone%20Simulator/7.1/Applications/258C0A52-D22C-4517-AB70-BEDBC02F02CF/iCardapio.app/www/index.html
2014-06-14 23:23:07.716 iCardapio[22115:70b] Array
(
    [mesa] => 2
    [carrinho] => Array
        (
            [calabresa] => Array
                (
                    [nome] => Pizza de calabresa
                    [preco] => 12.9
                )

            [portuguesa] => Array
                (
                    [nome] => Pizza portuguesa
                    [preco] => 15.5
                )

        )

)
2014-06-14 23:23:23.605 iCardapio[22115:70b] Array
(
    [mesa] => 111
    [carrinho] => Array
        (
            [marguerita] => Array
                (
                    [nome] => Pizza marguerita
                    [preco] => 27.51
                )

            [ruculatomateseco] => Array
                (
                    [nome] => Pizza de rúcula com tomate seco
                    [preco] => 32.75
                )

            [vegetariana] => Array
                (
                    [nome] => Pizza vegetariana
                    [preco] => 11.5
                )

        )

)
2014-06-14 23:24:54.255 iCardapio[22115:70b] Array
(
    [mesa] => 42
    [carrinho] => Array
        (
            [vegetariana] => Array
                (
                    [nome] => Pizza vegetariana
                    [preco] => 11.5
                )

            [ruculatomateseco] => Array
                (
                    [nome] => Pizza de rúcula com tomate seco
                    [preco] => 32.75
                )

            [marguerita] => Array
                (
                    [nome] => Pizza marguerita
                    [preco] => 27.51
                )

            [portuguesa] => Array
                (
                    [nome] => Pizza portuguesa
                    [preco] => 15.5
                )

            [calabresa] => Array
                (
                    [nome] => Pizza de calabresa
                    [preco] => 12.9
                )

        )

)
2014-06-14 23:25:32.322 iCardapio[22422:70b] Multi-tasking -> Device: YES, App: YES
2014-06-14 23:25:32.332 iCardapio[22422:70b] Unlimited access to network resources
2014-06-14 23:25:32.340 iCardapio[22422:70b] 

Started backup to iCloud! Please be careful.
Your application might rejected by Apple if you store too much data.
For more information please read "iOS Data Storage Guidelines"
You could find it at the following address https://developer.apple.com/icloud/documentation/data-storage/ .

2014-06-14 23:25:32.636 iCardapio[22422:70b] Resetting plugins due to page load.
2014-06-14 23:25:32.918 iCardapio[22422:70b] Finished load of: file:///Users/rfsbsb/Library/Application%20Support/iPhone%20Simulator/7.1/Applications/258C0A52-D22C-4517-AB70-BEDBC02F02CF/iCardapio.app/www/index.html
2014-06-14 23:25:45.821 iCardapio[22422:70b] Array
(
    [mesa] => 44
    [carrinho] => Array
        (
            [calabresa] => Array
                (
                    [nome] => Pizza de calabresa
                    [preco] => 12.9
                )

            [portuguesa] => Array
                (
                    [nome] => Pizza portuguesa
                    [preco] => 15.5
                )

            [ruculatomateseco] => Array
                (
                    [nome] => Pizza de rúcula com tomate seco
                    [preco] => 32.75
                )

            [vegetariana] => Array
                (
                    [nome] => Pizza vegetariana
                    [preco] => 11.5
                )

            [marguerita] => Array
                (
                    [nome] => Pizza marguerita
                    [preco] => 27.51
                )

        )

)
2014-06-14 23:26:26.602 iCardapio[22725:70b] Multi-tasking -> Device: YES, App: YES
2014-06-14 23:26:26.609 iCardapio[22725:70b] Unlimited access to network resources
2014-06-14 23:26:26.612 iCardapio[22725:70b] 

Started backup to iCloud! Please be careful.
Your application might rejected by Apple if you store too much data.
For more information please read "iOS Data Storage Guidelines"
You could find it at the following address https://developer.apple.com/icloud/documentation/data-storage/ .

2014-06-14 23:26:26.676 iCardapio[22725:70b] Resetting plugins due to page load.
2014-06-14 23:26:26.957 iCardapio[22725:70b] Finished load of: file:///Users/rfsbsb/Library/Application%20Support/iPhone%20Simulator/7.1/Applications/258C0A52-D22C-4517-AB70-BEDBC02F02CF/iCardapio.app/www/index.html
2014-06-14 23:27:17.768 iCardapio[23025:70b] Multi-tasking -> Device: YES, App: YES
2014-06-14 23:27:17.775 iCardapio[23025:70b] Unlimited access to network resources
2014-06-14 23:27:17.778 iCardapio[23025:70b] 

Started backup to iCloud! Please be careful.
Your application might rejected by Apple if you store too much data.
For more information please read "iOS Data Storage Guidelines"
You could find it at the following address https://developer.apple.com/icloud/documentation/data-storage/ .

2014-06-14 23:27:17.842 iCardapio[23025:70b] Resetting plugins due to page load.
2014-06-14 23:27:18.090 iCardapio[23025:70b] Finished load of: file:///Users/rfsbsb/Library/Application%20Support/iPhone%20Simulator/7.1/Applications/258C0A52-D22C-4517-AB70-BEDBC02F02CF/iCardapio.app/www/index.html
2014-06-14 23:28:22.635 iCardapio[23025:70b] Array
(
    [mesa] => 99
    [carrinho] => Array
        (
            [marguerita] => Array
                (
                    [nome] => Pizza marguerita
                    [preco] => 27.5
                )

            [vegetariana] => Array
                (
                    [nome] => Pizza vegetariana
                    [preco] => 11.5
                )

            [ruculatomateseco] => Array
                (
                    [nome] => Pizza de rúcula com tomate seco
                    [preco] => 32.7
                )

            [portuguesa] => Array
                (
                    [nome] => Pizza portuguesa
                    [preco] => 15.5
                )

            [calabresa] => Array
                (
                    [nome] => Pizza de calabresa
                    [preco] => 12.9
                )

        )

)
2014-06-14 23:31:00.576 iCardapio[23357:70b] Multi-tasking -> Device: YES, App: YES
2014-06-14 23:31:00.584 iCardapio[23357:70b] Unlimited access to network resources
2014-06-14 23:31:00.727 iCardapio[23357:70b] 

Started backup to iCloud! Please be careful.
Your application might rejected by Apple if you store too much data.
For more information please read "iOS Data Storage Guidelines"
You could find it at the following address https://developer.apple.com/icloud/documentation/data-storage/ .

2014-06-14 23:31:01.558 iCardapio[23357:70b] Resetting plugins due to page load.
2014-06-14 23:31:02.555 iCardapio[23357:70b] Finished load of: file:///Users/rfsbsb/Library/Application%20Support/iPhone%20Simulator/7.1/Applications/258C0A52-D22C-4517-AB70-BEDBC02F02CF/iCardapio.app/www/index.html
2014-06-14 23:31:15.036 iCardapio[23357:70b] Array
(
    [mesa] => 99
    [carrinho] => Array
        (
            [calabresa] => Array
                (
                    [nome] => Pizza de calabresa
                    [preco] => 12.9
                )

            [portuguesa] => Array
                (
                    [nome] => Pizza portuguesa
                    [preco] => 15.5
                )

            [ruculatomateseco] => Array
                (
                    [nome] => Pizza de rúcula com tomate seco
                    [preco] => 32.7
                )

            [vegetariana] => Array
                (
                    [nome] => Pizza vegetariana
                    [preco] => 11.5
                )

            [marguerita] => Array
                (
                    [nome] => Pizza marguerita
                    [preco] => 27.5
                )

        )

)
2014-06-14 23:32:04.447 iCardapio[23357:70b] Array
(
    [mesa] => 99
    [carrinho] => Array
        (
            [calabresa] => Array
                (
                    [nome] => Pizza de calabresa
                    [preco] => 12.9
                )

            [ruculatomateseco] => Array
                (
                    [nome] => Pizza de rúcula com tomate seco
                    [preco] => 32.7
                )

            [marguerita] => Array
                (
                    [nome] => Pizza marguerita
                    [preco] => 27.5
                )

            [vegetariana] => Array
                (
                    [nome] => Pizza vegetariana
                    [preco] => 11.5
                )

            [portuguesa] => Array
                (
                    [nome] => Pizza portuguesa
                    [preco] => 15.5
                )

        )

)
2014-06-14 23:38:34.442 iCardapio[23832:70b] Multi-tasking -> Device: YES, App: YES
2014-06-14 23:38:34.449 iCardapio[23832:70b] Unlimited access to network resources
2014-06-14 23:38:34.460 iCardapio[23832:70b] 

Started backup to iCloud! Please be careful.
Your application might rejected by Apple if you store too much data.
For more information please read "iOS Data Storage Guidelines"
You could find it at the following address https://developer.apple.com/icloud/documentation/data-storage/ .

2014-06-14 23:38:35.468 iCardapio[23832:70b] Resetting plugins due to page load.
2014-06-14 23:38:37.813 iCardapio[23832:70b] Finished load of: file:///Users/rfsbsb/Library/Application%20Support/iPhone%20Simulator/7.1/Applications/258C0A52-D22C-4517-AB70-BEDBC02F02CF/iCardapio.app/www/index.html
2014-06-14 23:39:39.456 iCardapio[24260:70b] Multi-tasking -> Device: YES, App: YES
2014-06-14 23:39:39.463 iCardapio[24260:70b] Unlimited access to network resources
2014-06-14 23:39:39.466 iCardapio[24260:70b] 

Started backup to iCloud! Please be careful.
Your application might rejected by Apple if you store too much data.
For more information please read "iOS Data Storage Guidelines"
You could find it at the following address https://developer.apple.com/icloud/documentation/data-storage/ .

2014-06-14 23:39:39.531 iCardapio[24260:70b] Resetting plugins due to page load.
2014-06-14 23:39:39.773 iCardapio[24260:70b] Finished load of: file:///Users/rfsbsb/Library/Application%20Support/iPhone%20Simulator/7.1/Applications/258C0A52-D22C-4517-AB70-BEDBC02F02CF/iCardapio.app/www/index.html
2014-06-14 23:39:54.193 iCardapio[24260:70b] Array
(
    [mesa] => 22
    [carrinho] => Array
        (
            [calabresa] => Array
                (
                    [nome] => Pizza de calabresa
                    [preco] => 12.9
                )

            [portuguesa] => Array
                (
                    [nome] => Pizza portuguesa
                    [preco] => 15.5
                )

            [ruculatomateseco] => Array
                (
                    [nome] => Pizza de rúcula com tomate seco
                    [preco] => 32.7
                )

        )

)
2014-06-14 23:40:25.293 iCardapio[24260:70b] Array
(
    [mesa] => 2
    [carrinho] => Array
        (
            [ruculatomateseco] => Array
                (
                    [nome] => Pizza de rúcula com tomate seco
                    [preco] => 32.7
                )

            [portuguesa] => Array
                (
                    [nome] => Pizza portuguesa
                    [preco] => 15.5
                )

        )

)
2014-06-14 23:40:51.802 iCardapio[24260:70b] Array
(
    [mesa] => 
    [carrinho] => Array
        (
            [calabresa] => Array
                (
                    [nome] => Pizza de calabresa
                    [preco] => 12.9
                )

            [portuguesa] => Array
                (
                    [nome] => Pizza portuguesa
                    [preco] => 15.5
                )

        )

)
2014-06-14 23:46:51.726 iCardapio[24577:70b] Multi-tasking -> Device: YES, App: YES
2014-06-14 23:46:51.736 iCardapio[24577:70b] Unlimited access to network resources
2014-06-14 23:46:51.759 iCardapio[24577:70b] 

Started backup to iCloud! Please be careful.
Your application might rejected by Apple if you store too much data.
For more information please read "iOS Data Storage Guidelines"
You could find it at the following address https://developer.apple.com/icloud/documentation/data-storage/ .

2014-06-14 23:46:53.163 iCardapio[24577:70b] Resetting plugins due to page load.
2014-06-14 23:46:53.661 iCardapio[24577:70b] Finished load of: file:///Users/rfsbsb/Library/Application%20Support/iPhone%20Simulator/7.1/Applications/258C0A52-D22C-4517-AB70-BEDBC02F02CF/iCardapio.app/www/index.html
2014-06-15 00:27:11.729 iCardapio[25083:70b] Multi-tasking -> Device: YES, App: YES
2014-06-15 00:27:11.739 iCardapio[25083:70b] Unlimited access to network resources
2014-06-15 00:27:11.744 iCardapio[25083:70b] 

Started backup to iCloud! Please be careful.
Your application might rejected by Apple if you store too much data.
For more information please read "iOS Data Storage Guidelines"
You could find it at the following address https://developer.apple.com/icloud/documentation/data-storage/ .

2014-06-15 00:27:12.813 iCardapio[25083:70b] Resetting plugins due to page load.
2014-06-15 00:27:13.389 iCardapio[25083:70b] Finished load of: file:///Users/rfsbsb/Library/Application%20Support/iPhone%20Simulator/7.1/Applications/258C0A52-D22C-4517-AB70-BEDBC02F02CF/iCardapio.app/www/index.html
2014-06-15 00:27:24.718 iCardapio[25083:70b] Array
(
    [mesa] => 2
    [carrinho] => Array
        (
            [ruculatomateseco] => Array
                (
                    [nome] => Pizza de rúcula com tomate seco
                    [preco] => 32.7
                )

            [calabresa] => Array
                (
                    [nome] => Pizza de calabresa
                    [preco] => 12.9
                )

            [portuguesa] => Array
                (
                    [nome] => Pizza portuguesa
                    [preco] => 15.5
                )

        )

)
2014-06-23 14:21:18.117 iCardapio[2145:70b] Multi-tasking -> Device: YES, App: YES
2014-06-23 14:21:18.206 iCardapio[2145:70b] Unlimited access to network resources
2014-06-23 14:21:18.217 iCardapio[2145:70b] 

Started backup to iCloud! Please be careful.
Your application might rejected by Apple if you store too much data.
For more information please read "iOS Data Storage Guidelines"
You could find it at the following address https://developer.apple.com/icloud/documentation/data-storage/ .

2014-06-23 14:21:19.473 iCardapio[2145:70b] Resetting plugins due to page load.
2014-06-23 14:21:20.642 iCardapio[2145:70b] Finished load of: file:///Users/rfsbsb/Library/Application%20Support/iPhone%20Simulator/7.1/Applications/258C0A52-D22C-4517-AB70-BEDBC02F02CF/iCardapio.app/www/index.html
2014-06-23 14:22:00.423 iCardapio[2145:70b] Array
(
    [mesa] => 3
    [carrinho] => Array
        (
            [portuguesa] => Array
                (
                    [nome] => Pizza portuguesa
                    [preco] => 15.5
                )

        )

)
2014-06-23 14:26:22.695 iCardapio[2493:70b] Multi-tasking -> Device: YES, App: YES
2014-06-23 14:26:22.703 iCardapio[2493:70b] Unlimited access to network resources
2014-06-23 14:26:22.707 iCardapio[2493:70b] 

Started backup to iCloud! Please be careful.
Your application might rejected by Apple if you store too much data.
For more information please read "iOS Data Storage Guidelines"
You could find it at the following address https://developer.apple.com/icloud/documentation/data-storage/ .

2014-06-23 14:26:22.785 iCardapio[2493:70b] Resetting plugins due to page load.
2014-06-23 14:26:23.050 iCardapio[2493:70b] Finished load of: file:///Users/rfsbsb/Library/Application%20Support/iPhone%20Simulator/7.1/Applications/258C0A52-D22C-4517-AB70-BEDBC02F02CF/iCardapio.app/www/index.html
2014-06-23 14:32:00.374 iCardapio[2807:70b] Multi-tasking -> Device: YES, App: YES
2014-06-23 14:32:00.382 iCardapio[2807:70b] Unlimited access to network resources
2014-06-23 14:32:00.391 iCardapio[2807:70b] 

Started backup to iCloud! Please be careful.
Your application might rejected by Apple if you store too much data.
For more information please read "iOS Data Storage Guidelines"
You could find it at the following address https://developer.apple.com/icloud/documentation/data-storage/ .

2014-06-23 14:32:00.922 iCardapio[2807:70b] Resetting plugins due to page load.
2014-06-23 14:32:01.286 iCardapio[2807:70b] Finished load of: file:///Users/rfsbsb/Library/Application%20Support/iPhone%20Simulator/7.1/Applications/258C0A52-D22C-4517-AB70-BEDBC02F02CF/iCardapio.app/www/index.html
2014-06-23 14:36:06.665 iCardapio[3111:70b] Multi-tasking -> Device: YES, App: YES
2014-06-23 14:36:06.679 iCardapio[3111:70b] Unlimited access to network resources
2014-06-23 14:36:06.692 iCardapio[3111:70b] 

Started backup to iCloud! Please be careful.
Your application might rejected by Apple if you store too much data.
For more information please read "iOS Data Storage Guidelines"
You could find it at the following address https://developer.apple.com/icloud/documentation/data-storage/ .

2014-06-23 14:36:06.997 iCardapio[3111:70b] Resetting plugins due to page load.
2014-06-23 14:36:07.308 iCardapio[3111:70b] Finished load of: file:///Users/rfsbsb/Library/Application%20Support/iPhone%20Simulator/7.1/Applications/258C0A52-D22C-4517-AB70-BEDBC02F02CF/iCardapio.app/www/index.html
2014-06-23 14:58:16.189 iCardapio[3471:70b] Multi-tasking -> Device: YES, App: YES
2014-06-23 14:58:16.202 iCardapio[3471:70b] Unlimited access to network resources
2014-06-23 14:58:16.215 iCardapio[3471:70b] 

Started backup to iCloud! Please be careful.
Your application might rejected by Apple if you store too much data.
For more information please read "iOS Data Storage Guidelines"
You could find it at the following address https://developer.apple.com/icloud/documentation/data-storage/ .

2014-06-23 14:58:16.698 iCardapio[3471:70b] Resetting plugins due to page load.
2014-06-23 14:58:17.042 iCardapio[3471:70b] Finished load of: file:///Users/rfsbsb/Library/Application%20Support/iPhone%20Simulator/7.1/Applications/258C0A52-D22C-4517-AB70-BEDBC02F02CF/iCardapio.app/www/index.html
2014-06-23 15:23:01.608 iCardapio[3816:70b] Multi-tasking -> Device: YES, App: YES
2014-06-23 15:23:01.630 iCardapio[3816:70b] Unlimited access to network resources
2014-06-23 15:23:01.641 iCardapio[3816:70b] 

Started backup to iCloud! Please be careful.
Your application might rejected by Apple if you store too much data.
For more information please read "iOS Data Storage Guidelines"
You could find it at the following address https://developer.apple.com/icloud/documentation/data-storage/ .

2014-06-23 15:23:02.638 iCardapio[3816:70b] Resetting plugins due to page load.
2014-06-23 15:23:03.183 iCardapio[3816:70b] Finished load of: file:///Users/rfsbsb/Library/Application%20Support/iPhone%20Simulator/7.1/Applications/258C0A52-D22C-4517-AB70-BEDBC02F02CF/iCardapio.app/www/index.html
2014-06-23 15:24:44.467 iCardapio[4122:70b] Multi-tasking -> Device: YES, App: YES
2014-06-23 15:24:44.474 iCardapio[4122:70b] Unlimited access to network resources
2014-06-23 15:24:44.495 iCardapio[4122:70b] 

Started backup to iCloud! Please be careful.
Your application might rejected by Apple if you store too much data.
For more information please read "iOS Data Storage Guidelines"
You could find it at the following address https://developer.apple.com/icloud/documentation/data-storage/ .

2014-06-23 15:24:45.078 iCardapio[4122:70b] Resetting plugins due to page load.
2014-06-23 15:24:45.451 iCardapio[4122:70b] Finished load of: file:///Users/rfsbsb/Library/Application%20Support/iPhone%20Simulator/7.1/Applications/258C0A52-D22C-4517-AB70-BEDBC02F02CF/iCardapio.app/www/index.html
2014-06-23 15:25:03.548 iCardapio[4122:70b] Array
(
    [mesa] => 2
)
2014-06-23 15:51:45.894 iCardapio[4464:70b] Multi-tasking -> Device: YES, App: YES
2014-06-23 15:51:45.902 iCardapio[4464:70b] Unlimited access to network resources
2014-06-23 15:51:45.909 iCardapio[4464:70b] 

Started backup to iCloud! Please be careful.
Your application might rejected by Apple if you store too much data.
For more information please read "iOS Data Storage Guidelines"
You could find it at the following address https://developer.apple.com/icloud/documentation/data-storage/ .

2014-06-23 15:51:46.728 iCardapio[4464:70b] Resetting plugins due to page load.
2014-06-23 15:51:47.153 iCardapio[4464:70b] Finished load of: file:///Users/rfsbsb/Library/Application%20Support/iPhone%20Simulator/7.1/Applications/258C0A52-D22C-4517-AB70-BEDBC02F02CF/iCardapio.app/www/index.html
2014-06-23 15:53:16.877 iCardapio[4464:70b] Array
(
    [mesa] => 1
    [carrinho] => Array
        (
            [calabresa] => Array
                (
                    [nome] => Pizza de calabresa
                    [preco] => 12.9
                    [total] => 12.9
                )

            [portuguesa] => Array
                (
                    [nome] => Pizza portuguesa
                    [preco] => 15.5
                    [total] => 15.5
                )

            [ruculatomateseco] => Array
                (
                    [nome] => Pizza de rúcula com tomate seco
                    [preco] => 32.7
                    [total] => 32.7
                )

            [vegetariana] => Array
                (
                    [nome] => Pizza vegetariana
                    [preco] => 11.5
                    [total] => 11.5
                )

            [marguerita] => Array
                (
                    [nome] => Pizza marguerita
                    [preco] => 27.5
                    [total] => 27.5
                )

        )

)
2014-06-23 15:55:00.441 iCardapio[4775:70b] Multi-tasking -> Device: YES, App: YES
2014-06-23 15:55:00.463 iCardapio[4775:70b] Unlimited access to network resources
2014-06-23 15:55:00.467 iCardapio[4775:70b] 

Started backup to iCloud! Please be careful.
Your application might rejected by Apple if you store too much data.
For more information please read "iOS Data Storage Guidelines"
You could find it at the following address https://developer.apple.com/icloud/documentation/data-storage/ .

2014-06-23 15:55:00.531 iCardapio[4775:70b] Resetting plugins due to page load.
2014-06-23 15:55:00.802 iCardapio[4775:70b] Finished load of: file:///Users/rfsbsb/Library/Application%20Support/iPhone%20Simulator/7.1/Applications/258C0A52-D22C-4517-AB70-BEDBC02F02CF/iCardapio.app/www/index.html
2014-06-23 15:55:40.186 iCardapio[4775:70b] Array
(
    [mesa] => 1
    [total] => 325.5
    [carrinho] => Array
        (
            [calabresa] => Array
                (
                    [nome] => Pizza de calabresa
                    [preco] => 12.9
                    [total] => 12.9
                )

            [portuguesa] => Array
                (
                    [nome] => Pizza portuguesa
                    [preco] => 15.5
                    [total] => 31
                )

            [ruculatomateseco] => Array
                (
                    [nome] => Pizza de rúcula com tomate seco
                    [preco] => 32.7
                    [total] => 98.10000000000001
                )

            [vegetariana] => Array
                (
                    [nome] => Pizza vegetariana
                    [preco] => 11.5
                    [total] => 46
                )

            [marguerita] => Array
                (
                    [nome] => Pizza marguerita
                    [preco] => 27.5
                    [total] => 137.5
                )

        )

)
